\BOOKMARK [0][-]{chapter*.2}{\376\377\000P\000r\000o\000f\000e\000s\000s\000i\000o\000n\000a\000l\000\040\000S\000u\000m\000m\000a\000r\000y}{}% 1
\BOOKMARK [0][-]{chapter.1}{\376\377\000S\000e\000p\000t\000e\000m\000b\000r\000e\000\040\0002\0000\0002\0005\000/\000D\000\351\000c\000o\000m\000b\000r\000e\000\040\0002\0000\0002\0005\000\040\000B\000N\000C\000\040\000-\000\040\000A\000r\000c\000h\000i\000t\000e\000c\000t\000e\000\040\000d\000e\000\040\000S\000o\000l\000u\000t\000i\000o\000n\000\040\000\050\000C\000o\000n\000s\000u\000l\000t\000a\000n\000t\000\051}{}% 2
\BOOKMARK [1][-]{section.1.1}{\376\377\000B\000a\000n\000q\000u\000e\000\040\000N\000a\000t\000i\000o\000n\000a\000l\000e\000\040\000d\000u\000\040\000C\000a\000n\000a\000d\000a}{chapter.1}% 3
\BOOKMARK [2][-]{subsection.1.1.1}{\376\377\000L\000e\000\040\000p\000r\000o\000j\000e\000t}{section.1.1}% 4
\BOOKMARK [2][-]{subsection.1.1.2}{\376\377\000L\000'\000e\000n\000v\000i\000r\000o\000n\000n\000e\000m\000e\000n\000t\000\040\000d\000e\000\040\000t\000r\000a\000v\000a\000i\000l}{section.1.1}% 5
\BOOKMARK [0][-]{chapter.2}{\376\377\000J\000u\000i\000n\000\040\0002\0000\0002\0004\000/\000A\000c\000t\000u\000e\000l\000\040\000D\000e\000s\000j\000a\000r\000d\000i\000n\000s\000\040\000-\000\040\000A\000r\000c\000h\000i\000t\000e\000c\000t\000e\000\040\000S\000o\000l\000u\000t\000i\000o\000n\000\040\000I\000n\000t\000\351\000g\000r\000a\000t\000e\000u\000r\000\040\000\050\000C\000o\000n\000s\000u\000l\000t\000a\000n\000t\000\051}{}% 6
\BOOKMARK [1][-]{section.2.1}{\376\377\000M\000o\000u\000v\000e\000m\000e\000n\000t\000\040\000D\000e\000s\000j\000a\000r\000d\000i\000n\000s}{chapter.2}% 7
\BOOKMARK [2][-]{subsection.2.1.1}{\376\377\000M\000o\000d\000e\000r\000n\000i\000s\000a\000t\000i\000o\000n\000\040\000G\000P\000A\000P}{section.2.1}% 8
\BOOKMARK [2][-]{subsection.2.1.2}{\376\377\000L\000'\000e\000n\000v\000i\000r\000o\000n\000n\000e\000m\000e\000n\000t\000\040\000d\000e\000\040\000t\000r\000a\000v\000a\000i\000l}{section.2.1}% 9
\BOOKMARK [0][-]{chapter.3}{\376\377\000J\000u\000i\000l\000l\000e\000t\000\040\0002\0000\0002\0003\000/\000M\000a\000r\000s\000\040\0002\0000\0002\0004\000\040\000B\000e\000l\000l\000\040\000C\000a\000n\000a\000d\000a\000\040\000-\000\040\000A\000r\000c\000h\000i\000t\000e\000c\000t\000e\000\040\000S\000o\000l\000u\000t\000i\000o\000n\000\040\000\050\000C\000o\000n\000s\000u\000l\000t\000a\000n\000t\000\051}{}% 10
\BOOKMARK [1][-]{section.3.1}{\376\377\000B\000e\000l\000l\000\040\000C\000a\000n\000a\000d\000a}{chapter.3}% 11
\BOOKMARK [2][-]{subsection.3.1.1}{\376\377\000M\000e\000s\000s\000a\000g\000e\000r\000i\000e\000\040\000i\000n\000t\000e\000r\000n\000e\000\040\000\050\000B\000u\000z\000z\000\040\0004\000\051}{section.3.1}% 12
\BOOKMARK [2][-]{subsection.3.1.2}{\376\377\000L\000'\000e\000n\000v\000i\000r\000o\000n\000n\000e\000m\000e\000n\000t\000\040\000d\000e\000\040\000t\000r\000a\000v\000a\000i\000l}{section.3.1}% 13
\BOOKMARK [0][-]{chapter.4}{\376\377\000M\000a\000r\000s\000\040\0002\0000\0002\0003\000/\000J\000u\000i\000n\000\040\0002\0000\0002\0003\000\040\000B\000a\000n\000q\000u\000e\000\040\000N\000a\000t\000i\000o\000n\000a\000l\000e\000\040\000A\000s\000s\000u\000r\000a\000n\000c\000e\000s\000\040\000-\000\040\000A\000r\000c\000h\000i\000t\000e\000c\000t\000e\000\040\000S\000o\000l\000u\000t\000i\000o\000n\000\040\000\050\000C\000o\000n\000s\000u\000l\000t\000a\000n\000t\000\051}{}% 14
\BOOKMARK [1][-]{section.4.1}{\376\377\000B\000a\000n\000q\000u\000e\000\040\000N\000a\000t\000i\000o\000n\000a\000l\000e\000\040\000A\000s\000s\000u\000r\000a\000n\000c\000e\000s}{chapter.4}% 15
\BOOKMARK [2][-]{subsection.4.1.1}{\376\377\000A\000P\000I\000\040\000d\000u\000\040\000d\000o\000m\000a\000i\000n\000e\000\040\000a\000s\000s\000u\000r\000a\000n\000c\000e}{section.4.1}% 16
\BOOKMARK [2][-]{subsection.4.1.2}{\376\377\000L\000'\000e\000n\000v\000i\000r\000o\000n\000n\000e\000m\000e\000n\000t\000\040\000d\000e\000\040\000t\000r\000a\000v\000a\000i\000l}{section.4.1}% 17
\BOOKMARK [0][-]{chapter.5}{\376\377\000A\000o\000\373\000t\000\040\0002\0000\0002\0002\000/\000M\000a\000r\000s\000\040\0002\0000\0002\0003\000\040\000B\000a\000n\000q\000u\000e\000\040\000N\000a\000t\000i\000o\000n\000a\000l\000e\000\040\000-\000\040\000A\000r\000c\000h\000i\000t\000e\000c\000t\000e\000\040\000S\000o\000l\000u\000t\000i\000o\000n\000\040\000\050\000C\000o\000n\000s\000u\000l\000t\000a\000n\000t\000\051}{}% 18
\BOOKMARK [1][-]{section.5.1}{\376\377\000B\000a\000n\000q\000u\000e\000\040\000N\000a\000t\000i\000o\000n\000a\000l\000e}{chapter.5}% 19
\BOOKMARK [2][-]{subsection.5.1.1}{\376\377\000S\000e\000r\000v\000i\000c\000e\000s\000\040\000n\000u\000m\000\351\000r\000i\000q\000u\000e\000s\000\040\000a\000u\000x\000\040\000e\000n\000t\000r\000e\000p\000r\000i\000s\000e\000s}{section.5.1}% 20
\BOOKMARK [2][-]{subsection.5.1.2}{\376\377\000L\000'\000e\000n\000v\000i\000r\000o\000n\000n\000e\000m\000e\000n\000t\000\040\000d\000e\000\040\000t\000r\000a\000v\000a\000i\000l}{section.5.1}% 21
\BOOKMARK [0][-]{chapter.6}{\376\377\000A\000o\000\373\000t\000\040\0002\0000\0002\0001\000/\000J\000u\000i\000l\000l\000e\000t\000\040\0002\0000\0002\0002\000\040\000B\000a\000n\000q\000u\000e\000\040\000N\000a\000t\000i\000o\000n\000a\000l\000e\000\040\000-\000\040\000A\000r\000c\000h\000i\000t\000e\000c\000t\000e\000\040\000L\000o\000g\000i\000c\000i\000e\000l\000s\000\040\000\050\000C\000o\000n\000s\000u\000l\000t\000a\000n\000t\000\051}{}% 22
\BOOKMARK [1][-]{section.6.1}{\376\377\000B\000a\000n\000q\000u\000e\000\040\000N\000a\000t\000i\000o\000n\000a\000l\000e}{chapter.6}% 23
\BOOKMARK [2][-]{subsection.6.1.1}{\376\377\000S\000e\000r\000v\000i\000c\000e\000s\000\040\000n\000u\000m\000\351\000r\000i\000q\000u\000e\000s\000\040\000a\000u\000x\000\040\000e\000n\000t\000r\000e\000p\000r\000i\000s\000e\000s\000\040\000\050\000B\000N\000E\000\051}{section.6.1}% 24
\BOOKMARK [2][-]{subsection.6.1.2}{\376\377\000C\000e\000n\000t\000r\000a\000l\000i\000s\000a\000t\000i\000o\000n\000\040\000d\000e\000s\000\040\000f\000i\000c\000h\000i\000e\000r\000\040\000O\000p\000e\000n\000A\000P\000I}{section.6.1}% 25
\BOOKMARK [2][-]{subsection.6.1.3}{\376\377\000L\000'\000e\000n\000v\000i\000r\000o\000n\000n\000e\000m\000e\000n\000t\000\040\000d\000e\000\040\000t\000r\000a\000v\000a\000i\000l}{section.6.1}% 26
\BOOKMARK [0][-]{chapter.7}{\376\377\000N\000o\000v\000e\000m\000b\000r\000e\000\040\0002\0000\0001\0001\000/\000D\000\351\000c\000e\000m\000b\000r\000e\000\040\0002\0000\0002\0000\000\040\000M\000o\000r\000g\000a\000n\000\040\000S\000t\000a\000n\000l\000e\000y\000\040\000-\000\040\000D\000\351\000v\000e\000l\000o\000p\000p\000e\000u\000r\000\040\000J\000a\000v\000a\000\040\000S\000\351\000n\000i\000o\000r\000/\000A\000r\000c\000h\000i\000t\000e\000c\000t\000e\000\040\000S\000o\000l\000u\000t\000i\000o\000n\000\040\000\050\000P\000e\000r\000m\000a\000n\000e\000n\000t\000\051}{}% 27
\BOOKMARK [1][-]{section.7.1}{\376\377\000M\000o\000r\000g\000a\000n\000\040\000S\000t\000a\000n\000l\000e\000y}{chapter.7}% 28
\BOOKMARK [2][-]{subsection.7.1.1}{\376\377\0008\0007\0001\000m}{section.7.1}% 29
\BOOKMARK [2][-]{subsection.7.1.2}{\376\377\000T\000a\000x\000m\000a\000n\000\040\0003}{section.7.1}% 30
\BOOKMARK [2][-]{subsection.7.1.3}{\376\377\000T\000a\000x\000m\000a\000n\000\040\0002}{section.7.1}% 31
\BOOKMARK [2][-]{subsection.7.1.4}{\376\377\000C\000u\000s\000t\000o\000m\000e\000r\000\040\000T\000a\000x\000\040\000P\000o\000r\000t\000a\000l}{section.7.1}% 32
\BOOKMARK [2][-]{subsection.7.1.5}{\376\377\000L\000'\000e\000n\000v\000i\000r\000o\000n\000n\000e\000m\000e\000n\000t\000\040\000d\000e\000\040\000t\000r\000a\000v\000a\000i\000l}{section.7.1}% 33
\BOOKMARK [0][-]{chapter.8}{\376\377\0002\0000\0000\0007\000/\0002\0000\0001\0001\000\040\000G\000e\000m\000a\000l\000t\000o\000\040\000-\000\040\000D\000\351\000v\000e\000l\000o\000p\000p\000e\000u\000r\000\040\000J\000a\000v\000a\000\040\000S\000\351\000n\000i\000o\000r\000\040\000-\000\040\000\050\000P\000e\000r\000m\000a\000n\000e\000n\000t\000\051}{}% 34
\BOOKMARK [1][-]{section.8.1}{\376\377\000G\000e\000m\000a\000l\000t\000o}{chapter.8}% 35
\BOOKMARK [2][-]{subsection.8.1.1}{\376\377\000P\000r\000o\000d\000u\000i\000t\000\040\000S\000I\000M\000M\000e\000s\000s\000e\000n\000g\000e\000r\000.\000\040\000D\000\351\000v\000e\000l\000o\000p\000p\000e\000m\000e\000n\000t\000\040\000d\000'\000u\000n\000e\000\040\000p\000a\000s\000s\000e\000r\000e\000l\000l\000e\000\040\000p\000o\000u\000r\000\040\000l\000a\000\040\000m\000e\000s\000s\000a\000g\000e\000r\000i\000e\000\040\000i\000n\000s\000t\000a\000n\000t\000a\000n\000\351\000e\000\040\000s\000u\000r\000\040\000m\000o\000b\000i\000l\000e\000\040\000\340\000\040\000l\000'\000a\000i\000d\000e\000\040\000d\000e\000\040\000S\000M\000S}{section.8.1}% 36
\BOOKMARK [2][-]{subsection.8.1.2}{\376\377\000S\000e\000r\000v\000i\000c\000e\000s\000\040\000f\000i\000n\000a\000n\000c\000i\000e\000r\000s\000\040\000m\000o\000b\000i\000l\000e}{section.8.1}% 37
\BOOKMARK [2][-]{subsection.8.1.3}{\376\377\000L\000'\000e\000n\000v\000i\000r\000o\000n\000n\000e\000m\000e\000n\000t\000\040\000d\000e\000\040\000t\000r\000a\000v\000a\000i\000l}{section.8.1}% 38
\BOOKMARK [0][-]{chapter.9}{\376\377\0002\0000\0000\0006\000/\0002\0000\0000\0007\000\040\000C\000M\000S\000\040\000B\000u\000r\000e\000a\000u\000\040\000F\000r\000a\000n\000c\000i\000s\000\040\000L\000e\000f\000e\000b\000v\000r\000e\000\040\000-\000\040\000A\000r\000c\000h\000i\000t\000e\000c\000t\000e\000\040\000J\0002\000E\000E\000\040\000\050\000C\000o\000n\000s\000u\000l\000t\000a\000n\000t\000\051}{}% 39
\BOOKMARK [1][-]{section.9.1}{\376\377\000C\000M\000S\000\040\000B\000u\000r\000e\000a\000u\000\040\000F\000r\000a\000n\000c\000i\000s\000\040\000L\000e\000f\000e\000b\000v\000r\000e}{chapter.9}% 40
\BOOKMARK [2][-]{subsection.9.1.1}{\376\377\000A\000p\000p\000l\000i\000c\000a\000t\000i\000o\000n\000\040\000d\000e\000\040\000g\000e\000s\000t\000i\000o\000n\000\040\000e\000t\000\040\000d\000e\000\040\000c\000o\000m\000p\000t\000a\000b\000i\000l\000i\000t\000\351}{section.9.1}% 41
\BOOKMARK [2][-]{subsection.9.1.2}{\376\377\000L\000'\000e\000n\000v\000i\000r\000o\000n\000n\000e\000m\000e\000n\000t\000\040\000d\000e\000\040\000t\000r\000a\000v\000a\000i\000l}{section.9.1}% 42
\BOOKMARK [0][-]{chapter.10}{\376\377\0002\0000\0000\0006\000\040\000S\000T\000\040\000M\000i\000c\000r\000o\000e\000l\000e\000c\000t\000r\000o\000n\000i\000c\000s\000\040\000-\000\040\000A\000r\000c\000h\000i\000t\000e\000c\000t\000e\000\040\000J\0002\000E\000E\000\040\000\050\000C\000o\000n\000s\000u\000l\000t\000a\000n\000t\000\051}{}% 43
\BOOKMARK [1][-]{section.10.1}{\376\377\000S\000T\000\040\000M\000i\000c\000r\000o\000e\000l\000e\000c\000t\000r\000o\000n\000i\000c\000s}{chapter.10}% 44
\BOOKMARK [2][-]{subsection.10.1.1}{\376\377\000L\000e\000\040\000p\000r\000o\000j\000e\000t}{section.10.1}% 45
\BOOKMARK [2][-]{subsection.10.1.2}{\376\377\000L\000'\000e\000n\000v\000i\000r\000o\000n\000n\000e\000m\000e\000n\000t\000\040\000d\000e\000\040\000t\000r\000a\000v\000a\000i\000l}{section.10.1}% 46
\BOOKMARK [0][-]{chapter.11}{\376\377\0002\0000\0000\0005\000/\0002\0000\0000\0006\000\040\000A\000r\000c\000e\000l\000o\000r\000M\000i\000t\000t\000a\000l\000\040\000-\000\040\000A\000r\000c\000h\000i\000t\000e\000c\000t\000e\000\040\000J\0002\000E\000E\000\040\000\050\000C\000o\000n\000s\000u\000l\000t\000a\000n\000t\000\051}{}% 47
\BOOKMARK [1][-]{section.11.1}{\376\377\000A\000r\000c\000e\000l\000o\000r\000\040\000M\000i\000t\000t\000a\000l}{chapter.11}% 48
\BOOKMARK [2][-]{subsection.11.1.1}{\376\377\000A\000p\000p\000l\000i\000c\000a\000t\000i\000o\000n\000\040\000d\000'\000a\000i\000d\000e\000\040\000\340\000\040\000l\000a\000\040\000q\000u\000a\000l\000i\000f\000i\000c\000a\000t\000i\000o\000n\000\040\000d\000e\000\040\000l\000a\000\040\000q\000u\000a\000l\000i\000t\000\351\000\040\000d\000e\000\040\000p\000r\000o\000d\000u\000c\000t\000i\000o\000n}{section.11.1}% 49
\BOOKMARK [2][-]{subsection.11.1.2}{\376\377\000A\000p\000p\000l\000i\000c\000a\000t\000i\000o\000n\000\040\000d\000e\000\040\000s\000i\000m\000u\000l\000a\000t\000i\000o\000n\000\040\000d\000e\000\040\000p\000r\000o\000d\000u\000c\000t\000i\000o\000n\000\040\000d\000'\000a\000c\000i\000e\000r}{section.11.1}% 50
\BOOKMARK [2][-]{subsection.11.1.3}{\376\377\000L\000'\000e\000n\000v\000i\000r\000o\000n\000n\000e\000m\000e\000n\000t\000\040\000d\000e\000\040\000t\000r\000a\000v\000a\000i\000l}{section.11.1}% 51
\BOOKMARK [0][-]{chapter.12}{\376\377\0002\0000\0000\0005\000\040\000D\000H\000L\000\040\000-\000\040\000D\000\351\000v\000e\000l\000o\000p\000p\000e\000u\000r\000\040\000J\0002\000E\000E\000\040\000\050\000C\000o\000n\000s\000u\000l\000t\000a\000n\000t\000\051}{}% 52
\BOOKMARK [1][-]{section.12.1}{\376\377\000D\000H\000L}{chapter.12}% 53
\BOOKMARK [2][-]{subsection.12.1.1}{\376\377\000A\000p\000p\000l\000i\000c\000a\000t\000i\000o\000n\000s\000\040\000I\000n\000t\000r\000a\000n\000e\000t}{section.12.1}% 54
\BOOKMARK [2][-]{subsection.12.1.2}{\376\377\000L\000'\000e\000n\000v\000i\000r\000o\000n\000n\000e\000m\000e\000n\000t\000\040\000d\000e\000\040\000t\000r\000a\000v\000a\000i\000l}{section.12.1}% 55
\BOOKMARK [0][-]{chapter.13}{\376\377\0001\0009\0009\0009\000/\0002\0000\0000\0003\000\040\000G\000e\000m\000p\000l\000u\000s\000\040\000-\000\040\000D\000\351\000v\000e\000l\000o\000p\000p\000e\000u\000r\000\040\000J\000a\000v\000a\000\040\000\050\000P\000e\000r\000m\000a\000n\000e\000n\000t\000\051}{}% 56
\BOOKMARK [1][-]{section.13.1}{\376\377\000G\000e\000m\000p\000l\000u\000s}{chapter.13}% 57
\BOOKMARK [2][-]{subsection.13.1.1}{\376\377\000P\000l\000a\000t\000e\000-\000f\000o\000r\000m\000e\000\040\000d\000'\000e\000n\000v\000o\000i\000\040\000d\000e\000\040\000S\000M\000S\000\040\000p\000o\000u\000r\000\040\000l\000e\000s\000\040\000c\000l\000i\000e\000n\000t\000s\000\040\000G\000S\000M}{section.13.1}% 58
\BOOKMARK [2][-]{subsection.13.1.2}{\376\377\000M\000i\000g\000r\000a\000t\000i\000o\000n\000\040\000d\000e\000\040\000p\000l\000a\000t\000e\000-\000f\000o\000r\000m\000e\000\040\000a\000p\000p\000l\000i\000c\000a\000t\000i\000v\000e\000s}{section.13.1}% 59
\BOOKMARK [2][-]{subsection.13.1.3}{\376\377\000A\000p\000p\000l\000i\000c\000a\000t\000i\000o\000n\000\040\000d\000e\000\040\000c\000o\000m\000m\000e\000r\000c\000e\000\040\000\351\000l\000e\000c\000t\000r\000o\000n\000i\000q\000u\000e\000\040\000B\000t\000o\000B\000\040\000\050\000P\000r\000o\000j\000e\000t\000\040\000G\000e\000m\0002\000B\000\051}{section.13.1}% 60
\BOOKMARK [2][-]{subsection.13.1.4}{\376\377\000D\000\351\000v\000e\000l\000o\000p\000p\000e\000m\000e\000n\000t\000\040\000d\000'\000u\000n\000\040\000s\000e\000r\000v\000e\000u\000r\000\040\000d\000'\000i\000m\000p\000o\000r\000t\000a\000t\000i\000o\000n\000\040\000d\000e\000\040\000d\000o\000n\000n\000\351\000e\000\040\000b\000a\000n\000c\000a\000i\000r\000e}{section.13.1}% 61
\BOOKMARK [2][-]{subsection.13.1.5}{\376\377\000S\000i\000t\000e\000\040\000d\000e\000\040\000g\000e\000s\000t\000i\000o\000n\000\040\000d\000e\000\040\000c\000o\000n\000t\000e\000n\000u\000\040\000p\000o\000u\000r\000\040\000l\000e\000\040\000p\000r\000o\000j\000e\000t\000\040\000E\000u\000r\000o\000p\000\351\000e\000n\000\040\000T\000e\000l\000e\000n\000e\000t}{section.13.1}% 62
\BOOKMARK [2][-]{subsection.13.1.6}{\376\377\000S\000\351\000c\000u\000r\000i\000s\000a\000t\000i\000o\000n\000\040\000d\000e\000\040\000p\000l\000a\000t\000e\000-\000f\000o\000r\000m\000e\000\040\000H\000T\000T\000P\000\040\000\340\000\040\000l\000'\000a\000i\000d\000e\000\040\000d\000e\000\040\000c\000a\000r\000t\000e\000\040\000\340\000\040\000p\000u\000c\000e}{section.13.1}% 63
\BOOKMARK [2][-]{subsection.13.1.7}{\376\377\000P\000r\000o\000j\000e\000t\000\040\000E\000u\000r\000o\000p\000\351\000e\000n\000\040\000F\000I\000L\000I\000G\000R\000A\000N\000E}{section.13.1}% 64
\BOOKMARK [2][-]{subsection.13.1.8}{\376\377\000P\000r\000o\000j\000e\000t\000\040\000E\000u\000r\000o\000p\000\351\000e\000n\000\040\000C\000I\000T\000I\000E\000S}{section.13.1}% 65
\BOOKMARK [2][-]{subsection.13.1.9}{\376\377\000L\000'\000e\000n\000v\000i\000r\000o\000n\000n\000e\000m\000e\000n\000t\000\040\000d\000e\000\040\000t\000r\000a\000v\000a\000i\000l}{section.13.1}% 66
\BOOKMARK [0][-]{chapter.14}{\376\377\0001\0009\0009\0007\000/\0001\0009\0009\0009\000\040\000E\000u\000r\000i\000t\000i\000s\000\040\000-\000\040\000D\000\351\000v\000e\000l\000o\000p\000p\000e\000u\000r\000\040\000C\000\040\000\046\000\040\000J\000a\000v\000a\000\040\000\050\000P\000e\000r\000m\000a\000n\000e\000n\000t\000\051}{}% 67
\BOOKMARK [1][-]{section.14.1}{\376\377\000E\000u\000r\000i\000t\000i\000s}{chapter.14}% 68
\BOOKMARK [2][-]{subsection.14.1.1}{\376\377\000P\000r\000o\000j\000e\000t\000s\000\040\000E\000u\000r\000o\000p\000\351\000e\000n\000s}{section.14.1}% 69
\BOOKMARK [2][-]{subsection.14.1.2}{\376\377\000M\000i\000s\000e\000\040\000o\000e\000u\000v\000r\000e\000\040\000d\000'\000u\000n\000\040\000e\000n\000v\000i\000r\000o\000n\000n\000e\000m\000e\000n\000t\000\040\000d\000e\000\040\000d\000\351\000v\000e\000l\000o\000p\000p\000e\000m\000e\000n\000t\000\040\000p\000o\000u\000r\000\040\000J\000a\000v\000a\000C\000a\000r\000d\000\040\000G\000S\000M}{section.14.1}% 70
\BOOKMARK [2][-]{subsection.14.1.3}{\376\377\000D\000\351\000v\000e\000l\000o\000p\000p\000e\000m\000e\000n\000t\000\040\000d\000'\000u\000n\000\040\000s\000e\000r\000v\000e\000u\000r\000\040\000d\000e\000\040\000b\000a\000s\000e\000\040\000d\000e\000\040\000d\000o\000n\000n\000\351\000e\000\040\000d\000o\000c\000u\000m\000e\000n\000t\000a\000i\000r\000e}{section.14.1}% 71
\BOOKMARK [2][-]{subsection.14.1.4}{\376\377\000L\000'\000e\000n\000v\000i\000r\000o\000n\000n\000e\000m\000e\000n\000t\000\040\000d\000e\000\040\000t\000r\000a\000v\000a\000i\000l}{section.14.1}% 72
\BOOKMARK [0][-]{chapter.15}{\376\377\000A\000c\000h\000i\000e\000v\000e\000m\000e\000n\000t\000s}{}% 73
\BOOKMARK [0][-]{chapter.16}{\376\377\000C\000o\000n\000t\000a\000c\000t}{}% 74
\BOOKMARK [1][-]{section.16.1}{\376\377\000I\000n\000f\000o\000r\000m\000a\000t\000i\000o\000n}{chapter.16}% 75
\BOOKMARK [1][-]{section.16.2}{\376\377\000N\000e\000t\000w\000o\000r\000k}{chapter.16}% 76
\BOOKMARK [0][-]{chapter.17}{\376\377\000E\000d\000u\000c\000a\000t\000i\000o\000n}{}% 77
\BOOKMARK [1][-]{section.17.1}{\376\377\0002\0000\0000\0004\000:\000\040\000T\000r\000a\000i\000n\000i\000n\000g\000\040\000i\000n\000\040\000S\000M\000E\000\040\000M\000a\000r\000k\000e\000t\000i\000n\000g}{chapter.17}% 78
\BOOKMARK [1][-]{section.17.2}{\376\377\0002\0000\0000\0003\000:\000\040\000T\000r\000a\000i\000n\000i\000n\000g\000\040\000i\000n\000\040\000B\000u\000s\000i\000n\000e\000s\000s\000\040\000C\000r\000e\000a\000t\000i\000o\000n}{chapter.17}% 79
\BOOKMARK [1][-]{section.17.3}{\376\377\0001\0009\0009\0009\000:\000\040\000M\000a\000s\000t\000e\000r\000'\000s\000\040\000D\000e\000g\000r\000e\000e\000\040\000i\000n\000\040\000S\000o\000f\000t\000w\000a\000r\000e\000\040\000D\000e\000v\000e\000l\000o\000p\000m\000e\000n\000t}{chapter.17}% 80
\BOOKMARK [1][-]{section.17.4}{\376\377\0001\0009\0009\0006\000:\000\040\000B\000T\000S\000\040\000\050\000A\000d\000v\000a\000n\000c\000e\000d\000\040\000V\000o\000c\000a\000t\000i\000o\000n\000a\000l\000\040\000D\000i\000p\000l\000o\000m\000a\000\051\000\040\000i\000n\000\040\000I\000n\000d\000u\000s\000t\000r\000i\000a\000l\000\040\000C\000o\000m\000p\000u\000t\000i\000n\000g}{chapter.17}% 81
\BOOKMARK [1][-]{section.17.5}{\376\377\0001\0009\0009\0004\000:\000\040\000B\000a\000c\000c\000a\000l\000a\000u\000r\000e\000a\000t\000e\000\040\000i\000n\000\040\000E\000l\000e\000c\000t\000r\000o\000t\000e\000c\000h\000n\000i\000c\000s}{chapter.17}% 82
\BOOKMARK [0][-]{chapter.18}{\376\377\000L\000a\000n\000g\000u\000a\000g\000e\000s}{}% 83
\BOOKMARK [0][-]{chapter.19}{\376\377\000R\000\351\000f\000\351\000r\000e\000n\000c\000e\000s}{}% 84
\BOOKMARK [1][-]{section.19.1}{\376\377\000N\000a\000t\000i\000o\000n\000a\000l\000\040\000B\000a\000n\000k\000\040\000o\000f\000\040\000C\000a\000n\000a\000d\000a\000\040\000\050\0002\0000\0002\0005\000\051}{chapter.19}% 85
\BOOKMARK [1][-]{section.19.2}{\376\377\000D\000e\000s\000j\000a\000r\000d\000i\000n\000s\000\040\000\050\0002\0000\0002\0004\000-\0002\0000\0002\0005\000\051}{chapter.19}% 86
\BOOKMARK [1][-]{section.19.3}{\376\377\000B\000e\000l\000l\000\040\000C\000a\000n\000a\000d\000a\000\040\000\050\0002\0000\0003\000-\0002\0000\0002\0004\000\051}{chapter.19}% 87
\BOOKMARK [1][-]{section.19.4}{\376\377\000N\000a\000t\000i\000o\000n\000a\000l\000\040\000B\000a\000n\000k\000\040\000I\000n\000s\000u\000r\000a\000n\000c\000e\000\040\000\050\0002\0000\0002\0003\000\051}{chapter.19}% 88
\BOOKMARK [1][-]{section.19.5}{\376\377\000N\000a\000t\000i\000o\000n\000a\000l\000\040\000B\000a\000n\000k\000\040\000o\000f\000\040\000C\000a\000n\000a\000d\000a\000\040\000\050\0002\0000\0002\0001\000-\0002\0000\0002\0003\000\051}{chapter.19}% 89
\BOOKMARK [1][-]{section.19.6}{\376\377\000M\000o\000r\000g\000a\000n\000\040\000S\000t\000a\000n\000l\000e\000y\000\040\000\050\0002\0000\0001\0001\000-\0002\0000\0002\0001\000\051}{chapter.19}% 90
\BOOKMARK [1][-]{section.19.7}{\376\377\000G\000e\000m\000a\000l\000t\000o\000\040\000\050\0002\0000\0000\0007\000-\0002\0000\0001\0001\000\051}{chapter.19}% 91
\BOOKMARK [0][-]{chapter.20}{\376\377\000S\000k\000i\000l\000l\000s}{}% 92
\BOOKMARK [1][-]{section.20.1}{\376\377\000C\000l\000o\000u\000d\000\040\000S\000e\000r\000v\000i\000c\000e\000s}{chapter.20}% 93
\BOOKMARK [1][-]{section.20.2}{\376\377\000D\000o\000c\000u\000m\000e\000n\000t\000a\000t\000i\000o\000n\000\040\000a\000n\000d\000\040\000p\000r\000o\000j\000e\000c\000t\000\040\000m\000a\000n\000a\000g\000e\000m\000e\000n\000t}{chapter.20}% 94
\BOOKMARK [1][-]{section.20.3}{\376\377\000C\000I\000/\000C\000D}{chapter.20}% 95
\BOOKMARK [1][-]{section.20.4}{\376\377\000D\000e\000v\000e\000l\000o\000p\000m\000e\000n\000t\000\040\000l\000a\000n\000g\000u\000a\000g\000e\000s}{chapter.20}% 96
\BOOKMARK [0][-]{appendix.A}{\376\377\000A\000n\000n\000e\000x\000e}{}% 97
\BOOKMARK [0][-]{appendix*.3}{\376\377\000\311\000p\000i\000l\000o\000g\000u\000e}{}% 98
